[2026-01-18 15:55:38] ==========================================
[2026-01-18 15:55:38] Starting Jules watcher
[2026-01-18 15:55:38] Session ID: 7367332465516043644
[2026-01-18 15:55:38] Max Retries: 3
[2026-01-18 15:55:38] Project Root: /Users/pershing/Documents/henry/Fun/WorkSpace/Zelta-Cocos
[2026-01-18 15:55:38] ==========================================
[2026-01-18 15:55:42] Check #1: session still running...
[2026-01-18 15:56:16] Check #2: session still running...
[2026-01-18 15:56:50] Check #3: session still running...
[2026-01-18 15:57:23] Check #4: session still running...
[2026-01-18 15:58:17] Check #5: session still running...
[2026-01-18 15:58:50] Check #6: session still running...
[2026-01-18 15:59:24] Check #7: session still running...
[2026-01-18 15:59:58] ✓ Session 7367332465516043644 completed!
[2026-01-18 16:00:03] Error: Failed to pull results
[2026-01-18 16:00:03] ==========================================
[2026-01-18 16:00:03] Watcher finished
[2026-01-18 16:00:03] ==========================================
[2026-01-18 16:12:08] ==========================================
[2026-01-18 16:12:08] Starting Jules watcher
[2026-01-18 16:12:08] Session ID: 1587581736951490592
[2026-01-18 16:12:08] Max Retries: 3
[2026-01-18 16:12:09] Project Root: /Users/pershing/Documents/henry/Fun/WorkSpace/Zelta-Cocos
[2026-01-18 16:12:09] ==========================================
[2026-01-18 16:12:12] Check #1: session still running...
[2026-01-18 16:12:46] Check #2: session still running...
[2026-01-18 16:13:20] Check #3: session still running...
[2026-01-18 16:13:54] Check #4: session still running...
[2026-01-18 16:14:28] Check #5: session still running...
[2026-01-18 16:15:02] Check #6: session still running...
[2026-01-18 16:15:35] Check #7: session still running...
[2026-01-18 16:16:09] Check #8: session still running...
[2026-01-18 16:16:42] Check #9: session still running...
[2026-01-18 16:17:15] Check #10: session still running...
[2026-01-18 16:17:49] Check #11: session still running...
[2026-01-18 16:18:22] Check #12: session still running...
[2026-01-18 16:18:56] Check #13: session still running...
[2026-01-18 16:19:29] Check #14: session still running...
[2026-01-18 16:20:02] Check #15: session still running...
[2026-01-18 16:20:36] Check #16: session still running...
[2026-01-18 16:21:09] Check #17: session still running...
[2026-01-18 16:21:42] Check #18: session still running...
[2026-01-18 16:22:15] Check #19: session still running...
[2026-01-18 16:22:49] Check #20: session still running...
[2026-01-18 16:23:22] Check #21: session still running...
[2026-01-18 16:23:56] Check #22: session still running...
[2026-01-18 16:24:29] Check #23: session still running...
[2026-01-18 16:25:03] Check #24: session still running...
[2026-01-18 16:25:37] Check #25: session still running...
[2026-01-18 16:26:11] Check #26: session still running...
[2026-01-18 16:26:44] Check #27: session still running...
[2026-01-18 16:27:18] Check #28: session still running...
[2026-01-18 16:27:52] Check #29: session still running...
[2026-01-18 16:28:25] Check #30: session still running...
[2026-01-18 16:28:59] Check #31: session still running...
[2026-01-18 16:29:32] Check #32: session still running...
[2026-01-18 16:30:06] Check #33: session still running...
[2026-01-18 16:30:40] Check #34: session still running...
[2026-01-18 16:31:13] Check #35: session still running...
[2026-01-18 16:31:46] Check #36: session still running...
[2026-01-18 16:32:20] Check #37: session still running...
[2026-01-18 16:32:53] Check #38: session still running...
[2026-01-18 16:33:27] Check #39: session still running...
[2026-01-18 16:34:00] Check #40: session still running...
[2026-01-18 16:34:34] Check #41: session still running...
[2026-01-18 16:35:07] Check #42: session still running...
[2026-01-18 16:35:41] Check #43: session still running...
[2026-01-18 16:36:14] Check #44: session still running...
[2026-01-18 16:36:48] Check #45: session still running...
[2026-01-18 16:37:22] Check #46: session still running...
[2026-01-18 16:37:55] Check #47: session still running...
[2026-01-18 16:38:29] Check #48: session still running...
[2026-01-18 16:39:02] Check #49: session still running...
[2026-01-18 16:39:36] Check #50: session still running...
[2026-01-18 16:40:09] Check #51: session still running...
[2026-01-18 16:40:43] Check #52: session still running...
[2026-01-18 16:41:16] Check #53: session still running...
[2026-01-18 16:41:50] Check #54: session still running...
[2026-01-18 16:42:23] Check #55: session still running...
[2026-01-18 16:42:57] Check #56: session still running...
[2026-01-18 16:43:30] Check #57: session still running...
[2026-01-18 16:44:03] Check #58: session still running...
